0 info it worked if it ends with ok
1 verbose cli [ 'node', '/usr/local/bin/npm', 'publish', './' ]
2 info using npm@2.7.3
3 info using node@v0.10.29
4 verbose node symlink /usr/local/bin/node
5 verbose publish [ './' ]
6 silly cache add args [ './', null ]
7 verbose cache add spec ./
8 silly cache add parsed spec { raw: './',
8 silly cache add   scope: null,
8 silly cache add   name: null,
8 silly cache add   rawSpec: './',
8 silly cache add   spec: '/Users/jauriemm/personal/import-resolve',
8 silly cache add   type: 'directory' }
9 verbose addLocalDirectory /Users/jauriemm/.npm/import-resolve/0.0.1/package.tgz not in flight; packing
10 verbose tar pack [ '/Users/jauriemm/.npm/import-resolve/0.0.1/package.tgz',
10 verbose tar pack   '/Users/jauriemm/personal/import-resolve' ]
11 verbose tarball /Users/jauriemm/.npm/import-resolve/0.0.1/package.tgz
12 verbose folder /Users/jauriemm/personal/import-resolve
13 info prepublish import-resolve@0.0.1
14 verbose addLocalTarball adding from inside cache /Users/jauriemm/.npm/import-resolve/0.0.1/package.tgz
15 silly cache afterAdd import-resolve@0.0.1
16 verbose afterAdd /Users/jauriemm/.npm/import-resolve/0.0.1/package/package.json not in flight; writing
17 verbose afterAdd /Users/jauriemm/.npm/import-resolve/0.0.1/package/package.json written
18 silly publish { name: 'import-resolve',
18 silly publish   version: '0.0.1',
18 silly publish   description: 'resolve @import statements in stylesheets',
18 silly publish   main: 'index.js',
18 silly publish   scripts: { test: 'jasmine-node tests' },
18 silly publish   repository:
18 silly publish    { type: 'git',
18 silly publish      url: 'https://github.com/bignimbus/import-resolve.git' },
18 silly publish   keywords: [ 'css', 'scss', 'import-resolve', 'less', 'stylus' ],
18 silly publish   author: { name: 'Jeff Auriemma' },
18 silly publish   license: 'MIT',
18 silly publish   bugs: { url: 'https://github.com/bignimbus/import-resolve/issues' },
18 silly publish   homepage: 'https://github.com/bignimbus/import-resolve',
18 silly publish   devDependencies: { 'jasmine-node': '^1.14.3' },
18 silly publish   readme: '# import-resolve\nresolve @import statements in css preprocessors\n\n## What this does\nWhat if you have some less or stylus files that you want to smash together into a master file, without compiling to css?  Just use import-resolve and all your dreams will come true.\n\n## Using import-resolve\nOnce this is published in npm...\n\n```\nnpm install import-resolve\n```\n\n```js\n// some-node-thing.js\nvar importResolve = require(\'import-resolve\');\n\n// spits out a master dist file with all your wonderful stylesheet\n// things concatenated\nimportResolve(\'path/to/main.less\', \'path/to/output.less\');\n\n// returns a string of the concatenated file without doing anything\n// with it\nvar output = importResolve(\'path/to/main.styl\');\n```\n\n## Tests\n`npm test`\n',
18 silly publish   readmeFilename: 'README.md',
18 silly publish   gitHead: '32703a330d499bb90f3218fe4cd02b53638e451d',
18 silly publish   _id: 'import-resolve@0.0.1',
18 silly publish   _shasum: 'c3b0c0a83a19e10a21292c89338b29b6cbbec01c',
18 silly publish   _from: '.' }
19 silly mapToRegistry name import-resolve
20 silly mapToRegistry using default registry
21 silly mapToRegistry registry https://registry.npmjs.org/
22 silly mapToRegistry uri https://registry.npmjs.org/import-resolve
23 verbose publish registryBase https://registry.npmjs.org/
24 silly publish uploading /Users/jauriemm/.npm/import-resolve/0.0.1/package.tgz
25 verbose request uri https://registry.npmjs.org/import-resolve
26 verbose request sending authorization for write operation
27 info attempt registry request try #1 at 12:29:15
28 verbose request id 52f11f3a61668840
29 http request PUT https://registry.npmjs.org/import-resolve
30 http 409 https://registry.npmjs.org/import-resolve
31 verbose headers { date: 'Fri, 27 Mar 2015 17:29:17 GMT',
31 verbose headers   server: 'Apache',
31 verbose headers   'content-type': 'application/json',
31 verbose headers   'cache-control': 'max-age=60',
31 verbose headers   'content-length': '17',
31 verbose headers   'accept-ranges': 'bytes',
31 verbose headers   via: '1.1 varnish',
31 verbose headers   'x-served-by': 'cache-jfk1029-JFK',
31 verbose headers   'x-cache': 'MISS',
31 verbose headers   'x-cache-hits': '0',
31 verbose headers   'x-timer': 'S1427477356.396276,VS0,VE972',
31 verbose headers   'keep-alive': 'timeout=10, max=50',
31 verbose headers   connection: 'Keep-Alive' }
32 verbose request invalidating /Users/jauriemm/.npm/registry.npmjs.org/import-resolve on PUT
33 verbose request uri https://registry.npmjs.org/import-resolve?write=true
34 verbose request no auth needed
35 info attempt registry request try #1 at 12:29:17
36 http request GET https://registry.npmjs.org/import-resolve?write=true
37 http 200 https://registry.npmjs.org/import-resolve?write=true
38 verbose stack Error: cannot modify pre-existing version
38 verbose stack     at conflictError (/usr/local/lib/node_modules/npm/node_modules/npm-registry-client/lib/publish.js:184:11)
38 verbose stack     at CachingRegistryClient.putNext (/usr/local/lib/node_modules/npm/node_modules/npm-registry-client/lib/publish.js:147:15)
38 verbose stack     at /usr/local/lib/node_modules/npm/node_modules/npm-registry-client/lib/publish.js:129:15
38 verbose stack     at /usr/local/lib/node_modules/npm/lib/cache/caching-client.js:52:8
38 verbose stack     at f (/usr/local/lib/node_modules/npm/node_modules/once/once.js:17:25)
38 verbose stack     at /usr/local/lib/node_modules/npm/node_modules/npm-registry-client/lib/request.js:73:16
38 verbose stack     at f (/usr/local/lib/node_modules/npm/node_modules/once/once.js:17:25)
38 verbose stack     at CachingRegistryClient.<anonymous> (/usr/local/lib/node_modules/npm/node_modules/npm-registry-client/lib/request.js:262:12)
38 verbose stack     at Request._callback (/usr/local/lib/node_modules/npm/node_modules/npm-registry-client/lib/request.js:178:14)
38 verbose stack     at Request.self.callback (/usr/local/lib/node_modules/npm/node_modules/request/request.js:344:22)
39 verbose pkgid import-resolve
40 verbose cwd /Users/jauriemm/personal/import-resolve
41 error Darwin 13.4.0
42 error argv "node" "/usr/local/bin/npm" "publish" "./"
43 error node v0.10.29
44 error npm  v2.7.3
45 error code EPUBLISHCONFLICT
46 error publish fail Cannot publish over existing version.
46 error publish fail Update the 'version' field in package.json and try again.
46 error publish fail
46 error publish fail To automatically increment version numbers, see:
46 error publish fail     npm help version
47 verbose exit [ 1, true ]
